<?xml version="1.0" encoding="UTF-8"?>
<!-- Generated by org.testng.reporters.JUnitXMLReporter -->
<testsuite hostname="ajay-PC" ignored="0" name="Default test" tests="4" failures="0" timestamp="26 Apr 2020 01:28:24 GMT" time="61.345" errors="0">
  <testcase name="otherserviceslinks" time="39.525" classname="com.stonerisehealthcare.testcases.AboutUs"/>
  <testcase name="otherserviceslinks" time="17.548" classname="com.stonerisehealthcare.testcases.AboutUs"/>
  <testcase name="otherserviceslinks" time="0.013" classname="com.stonerisehealthcare.testcases.AboutUs">
    <skipped/>
  </testcase> <!-- otherserviceslinks -->
  <testcase name="otherserviceslinks" time="0.006" classname="com.stonerisehealthcare.testcases.AboutUs">
    <skipped/>
  </testcase> <!-- otherserviceslinks -->
</testsuite> <!-- Default test -->
