<?xml version="1.0" encoding="UTF-8"?>
<!-- Generated by org.testng.reporters.JUnitXMLReporter -->
<testsuite hostname="ajay-PC" ignored="0" name="Default test" tests="4" failures="0" timestamp="21 Apr 2020 22:33:39 GMT" time="89.391" errors="0">
  <testcase name="otherserviceslinks" time="40.161" classname="com.stonerisehealthcare.testcases.ContactAndConnectLinksTest"/>
  <testcase name="otherserviceslinks" time="35.1" classname="com.stonerisehealthcare.testcases.ContactAndConnectLinksTest"/>
  <testcase name="otherserviceslinks" time="0.005" classname="com.stonerisehealthcare.testcases.ContactAndConnectLinksTest">
    <skipped/>
  </testcase> <!-- otherserviceslinks -->
  <testcase name="otherserviceslinks" time="0.006" classname="com.stonerisehealthcare.testcases.ContactAndConnectLinksTest">
    <skipped/>
  </testcase> <!-- otherserviceslinks -->
</testsuite> <!-- Default test -->
