<?xml version="1.0" encoding="UTF-8"?>
<!-- Generated by org.testng.reporters.JUnitXMLReporter -->
<testsuite hostname="ajay-PC" ignored="0" name="CareersLinkTest" tests="4" failures="0" timestamp="22 Apr 2020 00:05:55 GMT" time="46.027" errors="0">
  <testcase name="careerslink" time="23.729" classname="com.stonerisehealthcare.testcases.Careers"/>
  <testcase name="careerslink" time="19.968" classname="com.stonerisehealthcare.testcases.Careers"/>
  <testcase name="careerslink" time="0.004" classname="com.stonerisehealthcare.testcases.Careers">
    <skipped/>
  </testcase> <!-- careerslink -->
  <testcase name="careerslink" time="0.0" classname="com.stonerisehealthcare.testcases.Careers">
    <skipped/>
  </testcase> <!-- careerslink -->
</testsuite> <!-- CareersLinkTest -->
