<?xml version="1.0" encoding="UTF-8"?>
<!-- Generated by org.testng.reporters.JUnitXMLReporter -->
<testsuite hostname="ajay-PC" ignored="0" name="CoronaUpdateAndTelevisitLinkTest" tests="4" failures="0" timestamp="21 Apr 2020 23:59:30 GMT" time="72.111" errors="0">
  <testcase name="coronatelevisitlink" time="35.183" classname="com.stonerisehealthcare.testcases.CoronaUpdateAndTelevisitLinkTest"/>
  <testcase name="coronatelevisitlink" time="32.958" classname="com.stonerisehealthcare.testcases.CoronaUpdateAndTelevisitLinkTest"/>
  <testcase name="coronatelevisitlink" time="0.001" classname="com.stonerisehealthcare.testcases.CoronaUpdateAndTelevisitLinkTest">
    <skipped/>
  </testcase> <!-- coronatelevisitlink -->
  <testcase name="coronatelevisitlink" time="0.001" classname="com.stonerisehealthcare.testcases.CoronaUpdateAndTelevisitLinkTest">
    <skipped/>
  </testcase> <!-- coronatelevisitlink -->
</testsuite> <!-- CoronaUpdateAndTelevisitLinkTest -->
