<?xml version="1.0" encoding="UTF-8"?>
<!-- Generated by org.testng.reporters.JUnitXMLReporter -->
<testsuite hostname="ajay-PC" ignored="0" name="OtherServicesLinksTest" tests="4" failures="0" timestamp="22 Apr 2020 00:12:16 GMT" time="57.209" errors="0">
  <testcase name="otherserviceslinks" time="30.994" classname="com.stonerisehealthcare.testcases.OtherServicesLinksTest"/>
  <testcase name="otherserviceslinks" time="23.911" classname="com.stonerisehealthcare.testcases.OtherServicesLinksTest"/>
  <testcase name="otherserviceslinks" time="0.001" classname="com.stonerisehealthcare.testcases.OtherServicesLinksTest">
    <skipped/>
  </testcase> <!-- otherserviceslinks -->
  <testcase name="otherserviceslinks" time="0.001" classname="com.stonerisehealthcare.testcases.OtherServicesLinksTest">
    <skipped/>
  </testcase> <!-- otherserviceslinks -->
</testsuite> <!-- OtherServicesLinksTest -->
