<?xml version="1.0" encoding="UTF-8"?>
<!-- Generated by org.testng.reporters.JUnitXMLReporter -->
<testsuite hostname="ajay-PC" ignored="0" name="ResourcesLinkTest" tests="4" failures="0" timestamp="22 Apr 2020 00:11:19 GMT" time="262.481" errors="0">
  <testcase name="otherserviceslinks" time="185.907" classname="com.stonerisehealthcare.testcases.Resources"/>
  <testcase name="otherserviceslinks" time="72.636" classname="com.stonerisehealthcare.testcases.Resources"/>
  <testcase name="otherserviceslinks" time="0.001" classname="com.stonerisehealthcare.testcases.Resources">
    <skipped/>
  </testcase> <!-- otherserviceslinks -->
  <testcase name="otherserviceslinks" time="0.0" classname="com.stonerisehealthcare.testcases.Resources">
    <skipped/>
  </testcase> <!-- otherserviceslinks -->
</testsuite> <!-- ResourcesLinkTest -->
