<?xml version="1.0" encoding="UTF-8"?>
<!-- Generated by org.testng.reporters.JUnitXMLReporter -->
<testsuite hostname="ajay-PC" ignored="0" name="SkilledNursingCentersLinksTest" tests="4" failures="0" timestamp="22 Apr 2020 00:05:09 GMT" time="338.855" errors="0">
  <testcase name="nursingcentreslinks" time="176.638" classname="com.stonerisehealthcare.testcases.SkilledNursingCentersLinksTest"/>
  <testcase name="nursingcentreslinks" time="159.399" classname="com.stonerisehealthcare.testcases.SkilledNursingCentersLinksTest"/>
  <testcase name="nursingcentreslinks" time="0.004" classname="com.stonerisehealthcare.testcases.SkilledNursingCentersLinksTest">
    <skipped/>
  </testcase> <!-- nursingcentreslinks -->
  <testcase name="nursingcentreslinks" time="0.002" classname="com.stonerisehealthcare.testcases.SkilledNursingCentersLinksTest">
    <skipped/>
  </testcase> <!-- nursingcentreslinks -->
</testsuite> <!-- SkilledNursingCentersLinksTest -->
