<?xml version="1.0" encoding="UTF-8"?>
<testng-results skipped="2" failed="0" ignored="0" total="4" passed="2">
  <reporter-output>
  </reporter-output>
  <suite name="Default suite" duration-ms="89391" started-at="2020-04-21T22:32:09Z" finished-at="2020-04-21T22:33:39Z">
    <groups>
    </groups>
    <test name="Default test" duration-ms="89391" started-at="2020-04-21T22:32:09Z" finished-at="2020-04-21T22:33:39Z">
      <class name="com.stonerisehealthcare.testcases.ContactAndConnectLinksTest">
        <test-method status="PASS" signature="initialize()[pri:0, instance:com.stonerisehealthcare.testcases.ContactAndConnectLinksTest@f6c48ac]" name="initialize" is-config="true" duration-ms="13" started-at="2020-04-22T08:32:09Z" finished-at="2020-04-22T08:32:09Z">
          <reporter-output>
          </reporter-output>
        </test-method> <!-- initialize -->
        <test-method status="PASS" signature="initTest()[pri:0, instance:com.stonerisehealthcare.testcases.ContactAndConnectLinksTest@f6c48ac]" name="initTest" is-config="true" duration-ms="171" started-at="2020-04-22T08:32:10Z" finished-at="2020-04-22T08:32:10Z">
          <reporter-output>
          </reporter-output>
        </test-method> <!-- initTest -->
        <test-method status="PASS" signature="otherserviceslinks(java.util.Hashtable)[pri:0, instance:com.stonerisehealthcare.testcases.ContactAndConnectLinksTest@f6c48ac]" name="otherserviceslinks" duration-ms="40161" started-at="2020-04-22T08:32:10Z" data-provider="getData" finished-at="2020-04-22T08:32:50Z">
          <params>
            <param index="0">
              <value>
                <![CDATA[{Runmode=Y, Browser=chrome}]]>
              </value>
            </param>
          </params>
          <reporter-output>
          </reporter-output>
        </test-method> <!-- otherserviceslinks -->
        <test-method status="PASS" signature="quit()[pri:0, instance:com.stonerisehealthcare.testcases.ContactAndConnectLinksTest@f6c48ac]" name="quit" is-config="true" duration-ms="1212" started-at="2020-04-22T08:32:50Z" finished-at="2020-04-22T08:32:52Z">
          <reporter-output>
          </reporter-output>
        </test-method> <!-- quit -->
        <test-method status="PASS" signature="otherserviceslinks(java.util.Hashtable)[pri:0, instance:com.stonerisehealthcare.testcases.ContactAndConnectLinksTest@f6c48ac]" name="otherserviceslinks" duration-ms="35100" started-at="2020-04-22T08:32:52Z" data-provider="getData" finished-at="2020-04-22T08:33:27Z">
          <params>
            <param index="0">
              <value>
                <![CDATA[{Runmode=Y, Browser=firefox}]]>
              </value>
            </param>
          </params>
          <reporter-output>
          </reporter-output>
        </test-method> <!-- otherserviceslinks -->
        <test-method status="PASS" signature="initTest()[pri:0, instance:com.stonerisehealthcare.testcases.ContactAndConnectLinksTest@f6c48ac]" name="initTest" is-config="true" duration-ms="0" started-at="2020-04-22T08:32:52Z" finished-at="2020-04-22T08:32:52Z">
          <reporter-output>
          </reporter-output>
        </test-method> <!-- initTest -->
        <test-method status="PASS" signature="quit()[pri:0, instance:com.stonerisehealthcare.testcases.ContactAndConnectLinksTest@f6c48ac]" name="quit" is-config="true" duration-ms="11533" started-at="2020-04-22T08:33:27Z" finished-at="2020-04-22T08:33:38Z">
          <reporter-output>
          </reporter-output>
        </test-method> <!-- quit -->
        <test-method status="SKIP" signature="otherserviceslinks(java.util.Hashtable)[pri:0, instance:com.stonerisehealthcare.testcases.ContactAndConnectLinksTest@f6c48ac]" name="otherserviceslinks" duration-ms="5" started-at="2020-04-22T08:33:38Z" data-provider="getData" finished-at="2020-04-22T08:33:38Z">
          <params>
            <param index="0">
              <value>
                <![CDATA[{Runmode=N, Browser=ie}]]>
              </value>
            </param>
          </params>
          <exception class="org.testng.SkipException">
            <message>
              <![CDATA[Test skipped since rumode is N]]>
            </message>
            <full-stacktrace>
              <![CDATA[org.testng.SkipException: Test skipped since rumode is N
	at com.stonerisehealthcare.testcases.ContactAndConnectLinksTest.otherserviceslinks(ContactAndConnectLinksTest.java:28)
	at sun.reflect.NativeMethodAccessorImpl.invoke0(Native Method)
	at sun.reflect.NativeMethodAccessorImpl.invoke(NativeMethodAccessorImpl.java:62)
	at sun.reflect.DelegatingMethodAccessorImpl.invoke(DelegatingMethodAccessorImpl.java:43)
	at java.lang.reflect.Method.invoke(Method.java:483)
	at org.testng.internal.MethodInvocationHelper.invokeMethod(MethodInvocationHelper.java:104)
	at org.testng.internal.Invoker.invokeMethod(Invoker.java:645)
	at org.testng.internal.Invoker.invokeTestMethod(Invoker.java:851)
	at org.testng.internal.Invoker.invokeTestMethods(Invoker.java:1177)
	at org.testng.internal.TestMethodWorker.invokeTestMethods(TestMethodWorker.java:129)
	at org.testng.internal.TestMethodWorker.run(TestMethodWorker.java:112)
	at org.testng.TestRunner.privateRun(TestRunner.java:756)
	at org.testng.TestRunner.run(TestRunner.java:610)
	at org.testng.SuiteRunner.runTest(SuiteRunner.java:387)
	at org.testng.SuiteRunner.runSequentially(SuiteRunner.java:382)
	at org.testng.SuiteRunner.privateRun(SuiteRunner.java:340)
	at org.testng.SuiteRunner.run(SuiteRunner.java:289)
	at org.testng.SuiteRunnerWorker.runSuite(SuiteRunnerWorker.java:52)
	at org.testng.SuiteRunnerWorker.run(SuiteRunnerWorker.java:86)
	at org.testng.TestNG.runSuitesSequentially(TestNG.java:1293)
	at org.testng.TestNG.runSuitesLocally(TestNG.java:1218)
	at org.testng.TestNG.runSuites(TestNG.java:1133)
	at org.testng.TestNG.run(TestNG.java:1104)
	at org.testng.remote.AbstractRemoteTestNG.run(AbstractRemoteTestNG.java:115)
	at org.testng.remote.RemoteTestNG.initAndRun(RemoteTestNG.java:251)
	at org.testng.remote.RemoteTestNG.main(RemoteTestNG.java:77)
]]>
            </full-stacktrace>
          </exception> <!-- org.testng.SkipException -->
          <reporter-output>
          </reporter-output>
        </test-method> <!-- otherserviceslinks -->
        <test-method status="PASS" signature="initTest()[pri:0, instance:com.stonerisehealthcare.testcases.ContactAndConnectLinksTest@f6c48ac]" name="initTest" is-config="true" duration-ms="0" started-at="2020-04-22T08:33:38Z" finished-at="2020-04-22T08:33:38Z">
          <reporter-output>
          </reporter-output>
        </test-method> <!-- initTest -->
        <test-method status="PASS" signature="quit()[pri:0, instance:com.stonerisehealthcare.testcases.ContactAndConnectLinksTest@f6c48ac]" name="quit" is-config="true" duration-ms="271" started-at="2020-04-22T08:33:38Z" finished-at="2020-04-22T08:33:39Z">
          <reporter-output>
          </reporter-output>
        </test-method> <!-- quit -->
        <test-method status="PASS" signature="initTest()[pri:0, instance:com.stonerisehealthcare.testcases.ContactAndConnectLinksTest@f6c48ac]" name="initTest" is-config="true" duration-ms="0" started-at="2020-04-22T08:33:39Z" finished-at="2020-04-22T08:33:39Z">
          <reporter-output>
          </reporter-output>
        </test-method> <!-- initTest -->
        <test-method status="SKIP" signature="otherserviceslinks(java.util.Hashtable)[pri:0, instance:com.stonerisehealthcare.testcases.ContactAndConnectLinksTest@f6c48ac]" name="otherserviceslinks" duration-ms="6" started-at="2020-04-22T08:33:39Z" data-provider="getData" finished-at="2020-04-22T08:33:39Z">
          <params>
            <param index="0">
              <value>
                <![CDATA[{Runmode=N, Browser=Edge}]]>
              </value>
            </param>
          </params>
          <exception class="org.testng.SkipException">
            <message>
              <![CDATA[Test skipped since rumode is N]]>
            </message>
            <full-stacktrace>
              <![CDATA[org.testng.SkipException: Test skipped since rumode is N
	at com.stonerisehealthcare.testcases.ContactAndConnectLinksTest.otherserviceslinks(ContactAndConnectLinksTest.java:28)
	at sun.reflect.NativeMethodAccessorImpl.invoke0(Native Method)
	at sun.reflect.NativeMethodAccessorImpl.invoke(NativeMethodAccessorImpl.java:62)
	at sun.reflect.DelegatingMethodAccessorImpl.invoke(DelegatingMethodAccessorImpl.java:43)
	at java.lang.reflect.Method.invoke(Method.java:483)
	at org.testng.internal.MethodInvocationHelper.invokeMethod(MethodInvocationHelper.java:104)
	at org.testng.internal.Invoker.invokeMethod(Invoker.java:645)
	at org.testng.internal.Invoker.invokeTestMethod(Invoker.java:851)
	at org.testng.internal.Invoker.invokeTestMethods(Invoker.java:1177)
	at org.testng.internal.TestMethodWorker.invokeTestMethods(TestMethodWorker.java:129)
	at org.testng.internal.TestMethodWorker.run(TestMethodWorker.java:112)
	at org.testng.TestRunner.privateRun(TestRunner.java:756)
	at org.testng.TestRunner.run(TestRunner.java:610)
	at org.testng.SuiteRunner.runTest(SuiteRunner.java:387)
	at org.testng.SuiteRunner.runSequentially(SuiteRunner.java:382)
	at org.testng.SuiteRunner.privateRun(SuiteRunner.java:340)
	at org.testng.SuiteRunner.run(SuiteRunner.java:289)
	at org.testng.SuiteRunnerWorker.runSuite(SuiteRunnerWorker.java:52)
	at org.testng.SuiteRunnerWorker.run(SuiteRunnerWorker.java:86)
	at org.testng.TestNG.runSuitesSequentially(TestNG.java:1293)
	at org.testng.TestNG.runSuitesLocally(TestNG.java:1218)
	at org.testng.TestNG.runSuites(TestNG.java:1133)
	at org.testng.TestNG.run(TestNG.java:1104)
	at org.testng.remote.AbstractRemoteTestNG.run(AbstractRemoteTestNG.java:115)
	at org.testng.remote.RemoteTestNG.initAndRun(RemoteTestNG.java:251)
	at org.testng.remote.RemoteTestNG.main(RemoteTestNG.java:77)
]]>
            </full-stacktrace>
          </exception> <!-- org.testng.SkipException -->
          <reporter-output>
          </reporter-output>
        </test-method> <!-- otherserviceslinks -->
        <test-method status="PASS" signature="quit()[pri:0, instance:com.stonerisehealthcare.testcases.ContactAndConnectLinksTest@f6c48ac]" name="quit" is-config="true" duration-ms="134" started-at="2020-04-22T08:33:39Z" finished-at="2020-04-22T08:33:39Z">
          <reporter-output>
          </reporter-output>
        </test-method> <!-- quit -->
      </class> <!-- com.stonerisehealthcare.testcases.ContactAndConnectLinksTest -->
    </test> <!-- Default test -->
  </suite> <!-- Default suite -->
</testng-results>
